TN:
SF:/media/rus/B086A6BB86A68188/Programming/git/loftTeach/src/cookie.js
FN:46,createCookie
FN:52,cookieRow
FN:59,(anonymous_2)
FN:70,deleteCookie
FN:76,isMatching
FN:77,toLower
FN:89,getCookie
FN:90,(anonymous_7)
FN:100,listCookie
FN:107,(anonymous_9)
FN:118,(anonymous_10)
FN:128,(anonymous_11)
FN:134,(anonymous_12)
FNF:13
FNH:13
FNDA:24,createCookie
FNDA:40,cookieRow
FNDA:2,(anonymous_2)
FNDA:5,deleteCookie
FNDA:59,isMatching
FNDA:118,toLower
FNDA:56,getCookie
FNDA:90,(anonymous_7)
FNDA:32,listCookie
FNDA:37,(anonymous_9)
FNDA:22,(anonymous_10)
FNDA:7,(anonymous_11)
FNDA:24,(anonymous_12)
DA:34,1
DA:36,1
DA:38,1
DA:40,1
DA:42,1
DA:44,1
DA:47,24
DA:48,0
DA:50,24
DA:53,40
DA:55,40
DA:56,40
DA:57,40
DA:59,1
DA:60,2
DA:62,2
DA:63,2
DA:65,2
DA:66,2
DA:71,5
DA:73,5
DA:74,5
DA:78,118
DA:80,59
DA:81,59
DA:83,18
DA:87,41
DA:90,56
DA:91,90
DA:93,90
DA:95,90
DA:98,56
DA:101,32
DA:102,32
DA:104,32
DA:105,18
DA:106,18
DA:107,18
DA:108,37
DA:109,18
DA:115,32
DA:116,14
DA:117,14
DA:118,14
DA:119,22
DA:124,1
DA:128,1
DA:130,7
DA:134,1
DA:136,24
DA:137,24
DA:138,24
DA:140,24
DA:141,3
DA:144,24
DA:145,24
LF:56
LH:55
BRDA:47,0,0,0
BRDA:47,0,1,24
BRDA:47,1,0,24
BRDA:47,1,1,24
BRDA:62,2,0,2
BRDA:62,2,1,0
BRDA:80,3,0,59
BRDA:80,3,1,0
BRDA:81,4,0,18
BRDA:81,4,1,41
BRDA:104,5,0,18
BRDA:104,5,1,14
BRDA:106,6,0,18
BRDA:106,6,1,0
BRDA:108,7,0,18
BRDA:108,7,1,19
BRDA:108,8,0,37
BRDA:108,8,1,22
BRDA:115,9,0,14
BRDA:115,9,1,18
BRDA:117,10,0,14
BRDA:117,10,1,0
BRDA:140,11,0,3
BRDA:140,11,1,21
BRF:24
BRH:19
end_of_record
