TN:
SF:/media/rus/B086A6BB86A68188/Programming/git/loftTeach/src/index.js
FN:15,returnFirstArgument
FN:35,sumWithDefaults
FN:48,returnFnResult
FN:65,returnCounter
FN:66,f
FN:80,returnArgumentsArray
FN:103,bindFunction
FNF:7
FNH:7
FNDA:1,returnFirstArgument
FNDA:2,sumWithDefaults
FNDA:1,returnFnResult
FNDA:3,returnCounter
FNDA:6,f
FNDA:2,returnArgumentsArray
FNDA:2,bindFunction
DA:16,1
DA:36,2
DA:49,1
DA:66,3
DA:67,6
DA:81,2
DA:82,2
DA:83,5
DA:85,2
DA:104,2
LF:10
LH:10
BRDA:35,0,0,1
BRDA:65,1,0,2
BRF:2
BRH:2
end_of_record
